# JRE version: Java(TM) SE Runtime Environment (8.0_171-b11) (build 1.8.0_171-b11)
# Java VM: Java HotSpot(TM) 64-Bit Server VM (25.171-b11 mixed mode linux-amd64 compressed oops)
Heap:
 PSYoungGen      total 74752K, used 25570K [0x000000076d100000, 0x0000000772400000, 0x00000007c0000000)
  eden space 64512K, 39% used [0x000000076d100000,0x000000076e9f8850,0x0000000771000000)
  from space 10240K, 0% used [0x0000000771a00000,0x0000000771a00000,0x0000000772400000)
  to   space 10240K, 0% used [0x0000000771000000,0x0000000771000000,0x0000000771a00000)
 ParOldGen       total 73216K, used 8457K [0x00000006c7200000, 0x00000006cb980000, 0x000000076d100000)
  object space 73216K, 11% used [0x00000006c7200000,0x00000006c7a42578,0x00000006cb980000)
 Metaspace       used 22862K, capacity 23636K, committed 23808K, reserved 1071104K
  class space    used 2856K, capacity 3060K, committed 3072K, reserved 1048576K
GC Heap History (6 events):
Event: 3,067 GC heap before
{Heap before GC invocations=1 (full 0):
 PSYoungGen      total 74752K, used 64512K [0x000000076d100000, 0x0000000772400000, 0x00000007c0000000)
  eden space 64512K, 100% used [0x000000076d100000,0x0000000771000000,0x0000000771000000)
  from space 10240K, 0% used [0x0000000771a00000,0x0000000771a00000,0x0000000772400000)
  to   space 10240K, 0% used [0x0000000771000000,0x0000000771000000,0x0000000771a00000)
 ParOldGen       total 171008K, used 0K [0x00000006c7200000, 0x00000006d1900000, 0x000000076d100000)
  object space 171008K, 0% used [0x00000006c7200000,0x00000006c7200000,0x00000006d1900000)
 Metaspace       used 16963K, capacity 17694K, committed 17920K, reserved 1064960K
  class space    used 2086K, capacity 2269K, committed 2304K, reserved 1048576K
Event: 3,078 GC heap after
Heap after GC invocations=1 (full 0):
 PSYoungGen      total 74752K, used 10088K [0x000000076d100000, 0x0000000772400000, 0x00000007c0000000)
  eden space 64512K, 0% used [0x000000076d100000,0x000000076d100000,0x0000000771000000)
  from space 10240K, 98% used [0x0000000771000000,0x00000007719da208,0x0000000771a00000)
  to   space 10240K, 0% used [0x0000000771a00000,0x0000000771a00000,0x0000000772400000)
 ParOldGen       total 171008K, used 80K [0x00000006c7200000, 0x00000006d1900000, 0x000000076d100000)
  object space 171008K, 0% used [0x00000006c7200000,0x00000006c7214010,0x00000006d1900000)
 Metaspace       used 16963K, capacity 17694K, committed 17920K, reserved 1064960K
  class space    used 2086K, capacity 2269K, committed 2304K, reserved 1048576K
}
Event: 10,128 GC heap before
{Heap before GC invocations=2 (full 0):
 PSYoungGen      total 74752K, used 33927K [0x000000076d100000, 0x0000000772400000, 0x00000007c0000000)
  eden space 64512K, 36% used [0x000000076d100000,0x000000076e847d60,0x0000000771000000)
  from space 10240K, 98% used [0x0000000771000000,0x00000007719da208,0x0000000771a00000)
  to   space 10240K, 0% used [0x0000000771a00000,0x0000000771a00000,0x0000000772400000)
 ParOldGen       total 171008K, used 80K [0x00000006c7200000, 0x00000006d1900000, 0x000000076d100000)
  object space 171008K, 0% used [0x00000006c7200000,0x00000006c7214010,0x00000006d1900000)
 Metaspace       used 20398K, capacity 21116K, committed 21248K, reserved 1067008K
  class space    used 2521K, capacity 2730K, committed 2816K, reserved 1048576K
Event: 10,140 GC heap after
Heap after GC invocations=2 (full 0):
 PSYoungGen      total 74752K, used 8590K [0x000000076d100000, 0x0000000772400000, 0x00000007c0000000)
  eden space 64512K, 0% used [0x000000076d100000,0x000000076d100000,0x0000000771000000)
  from space 10240K, 83% used [0x0000000771a00000,0x0000000772263880,0x0000000772400000)
  to   space 10240K, 0% used [0x0000000771000000,0x0000000771000000,0x0000000771a00000)
 ParOldGen       total 171008K, used 88K [0x00000006c7200000, 0x00000006d1900000, 0x000000076d100000)
  object space 171008K, 0% used [0x00000006c7200000,0x00000006c7216010,0x00000006d1900000)
 Metaspace       used 20398K, capacity 21116K, committed 21248K, reserved 1067008K
  class space    used 2521K, capacity 2730K, committed 2816K, reserved 1048576K
}
Event: 10,140 GC heap before
{Heap before GC invocations=3 (full 1):
 PSYoungGen      total 74752K, used 8590K [0x000000076d100000, 0x0000000772400000, 0x00000007c0000000)
  eden space 64512K, 0% used [0x000000076d100000,0x000000076d100000,0x0000000771000000)
  from space 10240K, 83% used [0x0000000771a00000,0x0000000772263880,0x0000000772400000)
  to   space 10240K, 0% used [0x0000000771000000,0x0000000771000000,0x0000000771a00000)
 ParOldGen       total 171008K, used 88K [0x00000006c7200000, 0x00000006d1900000, 0x000000076d100000)
  object space 171008K, 0% used [0x00000006c7200000,0x00000006c7216010,0x00000006d1900000)
 Metaspace       used 20398K, capacity 21116K, committed 21248K, reserved 1067008K
  class space    used 2521K, capacity 2730K, committed 2816K, reserved 1048576K
Event: 10,166 GC heap after
Heap after GC invocations=3 (full 1):
 PSYoungGen      total 74752K, used 0K [0x000000076d100000, 0x0000000772400000, 0x00000007c0000000)
  eden space 64512K, 0% used [0x000000076d100000,0x000000076d100000,0x0000000771000000)
  from space 10240K, 0% used [0x0000000771a00000,0x0000000771a00000,0x0000000772400000)
  to   space 10240K, 0% used [0x0000000771000000,0x0000000771000000,0x0000000771a00000)
 ParOldGen       total 73216K, used 8457K [0x00000006c7200000, 0x00000006cb980000, 0x000000076d100000)
  object space 73216K, 11% used [0x00000006c7200000,0x00000006c7a42578,0x00000006cb980000)
 Metaspace       used 20396K, capacity 21114K, committed 21248K, reserved 1067008K
  class space    used 2521K, capacity 2729K, committed 2816K, reserved 1048576K
}

