# JRE version: Java(TM) SE Runtime Environment (8.0_171-b11) (build 1.8.0_171-b11)
# Java VM: Java HotSpot(TM) 64-Bit Server VM (25.171-b11 mixed mode linux-amd64 compressed oops)
Heap:
 PSYoungGen      total 74752K, used 29159K [0x000000076d100000, 0x0000000772400000, 0x00000007c0000000)
  eden space 64512K, 45% used [0x000000076d100000,0x000000076ed79ff8,0x0000000771000000)
  from space 10240K, 0% used [0x0000000771a00000,0x0000000771a00000,0x0000000772400000)
  to   space 10240K, 0% used [0x0000000771000000,0x0000000771000000,0x0000000771a00000)
 ParOldGen       total 73216K, used 8457K [0x00000006c7200000, 0x00000006cb980000, 0x000000076d100000)
  object space 73216K, 11% used [0x00000006c7200000,0x00000006c7a42548,0x00000006cb980000)
 Metaspace       used 22886K, capacity 23664K, committed 23808K, reserved 1071104K
  class space    used 2843K, capacity 3028K, committed 3072K, reserved 1048576K
GC Heap History (6 events):
Event: 3,493 GC heap before
{Heap before GC invocations=1 (full 0):
 PSYoungGen      total 74752K, used 64512K [0x000000076d100000, 0x0000000772400000, 0x00000007c0000000)
  eden space 64512K, 100% used [0x000000076d100000,0x0000000771000000,0x0000000771000000)
  from space 10240K, 0% used [0x0000000771a00000,0x0000000771a00000,0x0000000772400000)
  to   space 10240K, 0% used [0x0000000771000000,0x0000000771000000,0x0000000771a00000)
 ParOldGen       total 171008K, used 0K [0x00000006c7200000, 0x00000006d1900000, 0x000000076d100000)
  object space 171008K, 0% used [0x00000006c7200000,0x00000006c7200000,0x00000006d1900000)
 Metaspace       used 16984K, capacity 17696K, committed 17920K, reserved 1064960K
  class space    used 2087K, capacity 2270K, committed 2304K, reserved 1048576K
Event: 3,506 GC heap after
Heap after GC invocations=1 (full 0):
 PSYoungGen      total 74752K, used 10038K [0x000000076d100000, 0x0000000772400000, 0x00000007c0000000)
  eden space 64512K, 0% used [0x000000076d100000,0x000000076d100000,0x0000000771000000)
  from space 10240K, 98% used [0x0000000771000000,0x00000007719cd8b8,0x0000000771a00000)
  to   space 10240K, 0% used [0x0000000771a00000,0x0000000771a00000,0x0000000772400000)
 ParOldGen       total 171008K, used 80K [0x00000006c7200000, 0x00000006d1900000, 0x000000076d100000)
  object space 171008K, 0% used [0x00000006c7200000,0x00000006c7214010,0x00000006d1900000)
 Metaspace       used 16984K, capacity 17696K, committed 17920K, reserved 1064960K
  class space    used 2087K, capacity 2270K, committed 2304K, reserved 1048576K
}
Event: 10,437 GC heap before
{Heap before GC invocations=2 (full 0):
 PSYoungGen      total 74752K, used 33893K [0x000000076d100000, 0x0000000772400000, 0x00000007c0000000)
  eden space 64512K, 36% used [0x000000076d100000,0x000000076e84bf00,0x0000000771000000)
  from space 10240K, 98% used [0x0000000771000000,0x00000007719cd8b8,0x0000000771a00000)
  to   space 10240K, 0% used [0x0000000771a00000,0x0000000771a00000,0x0000000772400000)
 ParOldGen       total 171008K, used 80K [0x00000006c7200000, 0x00000006d1900000, 0x000000076d100000)
  object space 171008K, 0% used [0x00000006c7200000,0x00000006c7214010,0x00000006d1900000)
 Metaspace       used 20416K, capacity 21118K, committed 21248K, reserved 1067008K
  class space    used 2522K, capacity 2731K, committed 2816K, reserved 1048576K
Event: 10,444 GC heap after
Heap after GC invocations=2 (full 0):
 PSYoungGen      total 74752K, used 8617K [0x000000076d100000, 0x0000000772400000, 0x00000007c0000000)
  eden space 64512K, 0% used [0x000000076d100000,0x000000076d100000,0x0000000771000000)
  from space 10240K, 84% used [0x0000000771a00000,0x000000077226a420,0x0000000772400000)
  to   space 10240K, 0% used [0x0000000771000000,0x0000000771000000,0x0000000771a00000)
 ParOldGen       total 171008K, used 88K [0x00000006c7200000, 0x00000006d1900000, 0x000000076d100000)
  object space 171008K, 0% used [0x00000006c7200000,0x00000006c7216010,0x00000006d1900000)
 Metaspace       used 20416K, capacity 21118K, committed 21248K, reserved 1067008K
  class space    used 2522K, capacity 2731K, committed 2816K, reserved 1048576K
}
Event: 10,444 GC heap before
{Heap before GC invocations=3 (full 1):
 PSYoungGen      total 74752K, used 8617K [0x000000076d100000, 0x0000000772400000, 0x00000007c0000000)
  eden space 64512K, 0% used [0x000000076d100000,0x000000076d100000,0x0000000771000000)
  from space 10240K, 84% used [0x0000000771a00000,0x000000077226a420,0x0000000772400000)
  to   space 10240K, 0% used [0x0000000771000000,0x0000000771000000,0x0000000771a00000)
 ParOldGen       total 171008K, used 88K [0x00000006c7200000, 0x00000006d1900000, 0x000000076d100000)
  object space 171008K, 0% used [0x00000006c7200000,0x00000006c7216010,0x00000006d1900000)
 Metaspace       used 20416K, capacity 21118K, committed 21248K, reserved 1067008K
  class space    used 2522K, capacity 2731K, committed 2816K, reserved 1048576K
Event: 10,477 GC heap after
Heap after GC invocations=3 (full 1):
 PSYoungGen      total 74752K, used 0K [0x000000076d100000, 0x0000000772400000, 0x00000007c0000000)
  eden space 64512K, 0% used [0x000000076d100000,0x000000076d100000,0x0000000771000000)
  from space 10240K, 0% used [0x0000000771a00000,0x0000000771a00000,0x0000000772400000)
  to   space 10240K, 0% used [0x0000000771000000,0x0000000771000000,0x0000000771a00000)
 ParOldGen       total 73216K, used 8457K [0x00000006c7200000, 0x00000006cb980000, 0x000000076d100000)
  object space 73216K, 11% used [0x00000006c7200000,0x00000006c7a42548,0x00000006cb980000)
 Metaspace       used 20412K, capacity 21110K, committed 21248K, reserved 1067008K
  class space    used 2521K, capacity 2729K, committed 2816K, reserved 1048576K
}

