# JRE version: Java(TM) SE Runtime Environment (8.0_171-b11) (build 1.8.0_171-b11)
# Java VM: Java HotSpot(TM) 64-Bit Server VM (25.171-b11 mixed mode linux-amd64 compressed oops)
Heap:
 PSYoungGen      total 74752K, used 25592K [0x000000076d100000, 0x0000000772400000, 0x00000007c0000000)
  eden space 64512K, 39% used [0x000000076d100000,0x000000076e9fe3c8,0x0000000771000000)
  from space 10240K, 0% used [0x0000000771a00000,0x0000000771a00000,0x0000000772400000)
  to   space 10240K, 0% used [0x0000000771000000,0x0000000771000000,0x0000000771a00000)
 ParOldGen       total 73216K, used 8476K [0x00000006c7200000, 0x00000006cb980000, 0x000000076d100000)
  object space 73216K, 11% used [0x00000006c7200000,0x00000006c7a470a0,0x00000006cb980000)
 Metaspace       used 22880K, capacity 23644K, committed 23808K, reserved 1071104K
  class space    used 2856K, capacity 3060K, committed 3072K, reserved 1048576K
GC Heap History (6 events):
Event: 2,963 GC heap before
{Heap before GC invocations=1 (full 0):
 PSYoungGen      total 74752K, used 64512K [0x000000076d100000, 0x0000000772400000, 0x00000007c0000000)
  eden space 64512K, 100% used [0x000000076d100000,0x0000000771000000,0x0000000771000000)
  from space 10240K, 0% used [0x0000000771a00000,0x0000000771a00000,0x0000000772400000)
  to   space 10240K, 0% used [0x0000000771000000,0x0000000771000000,0x0000000771a00000)
 ParOldGen       total 171008K, used 0K [0x00000006c7200000, 0x00000006d1900000, 0x000000076d100000)
  object space 171008K, 0% used [0x00000006c7200000,0x00000006c7200000,0x00000006d1900000)
 Metaspace       used 16972K, capacity 17630K, committed 17920K, reserved 1064960K
  class space    used 2084K, capacity 2269K, committed 2304K, reserved 1048576K
Event: 2,978 GC heap after
Heap after GC invocations=1 (full 0):
 PSYoungGen      total 74752K, used 10007K [0x000000076d100000, 0x0000000772400000, 0x00000007c0000000)
  eden space 64512K, 0% used [0x000000076d100000,0x000000076d100000,0x0000000771000000)
  from space 10240K, 97% used [0x0000000771000000,0x00000007719c5d28,0x0000000771a00000)
  to   space 10240K, 0% used [0x0000000771a00000,0x0000000771a00000,0x0000000772400000)
 ParOldGen       total 171008K, used 80K [0x00000006c7200000, 0x00000006d1900000, 0x000000076d100000)
  object space 171008K, 0% used [0x00000006c7200000,0x00000006c7214010,0x00000006d1900000)
 Metaspace       used 16972K, capacity 17630K, committed 17920K, reserved 1064960K
  class space    used 2084K, capacity 2269K, committed 2304K, reserved 1048576K
}
Event: 9,309 GC heap before
{Heap before GC invocations=2 (full 0):
 PSYoungGen      total 74752K, used 35021K [0x000000076d100000, 0x0000000772400000, 0x00000007c0000000)
  eden space 64512K, 38% used [0x000000076d100000,0x000000076e96d948,0x0000000771000000)
  from space 10240K, 97% used [0x0000000771000000,0x00000007719c5d28,0x0000000771a00000)
  to   space 10240K, 0% used [0x0000000771a00000,0x0000000771a00000,0x0000000772400000)
 ParOldGen       total 171008K, used 80K [0x00000006c7200000, 0x00000006d1900000, 0x000000076d100000)
  object space 171008K, 0% used [0x00000006c7200000,0x00000006c7214010,0x00000006d1900000)
 Metaspace       used 20422K, capacity 21124K, committed 21248K, reserved 1067008K
  class space    used 2521K, capacity 2730K, committed 2816K, reserved 1048576K
Event: 9,319 GC heap after
Heap after GC invocations=2 (full 0):
 PSYoungGen      total 74752K, used 8590K [0x000000076d100000, 0x0000000772400000, 0x00000007c0000000)
  eden space 64512K, 0% used [0x000000076d100000,0x000000076d100000,0x0000000771000000)
  from space 10240K, 83% used [0x0000000771a00000,0x0000000772263970,0x0000000772400000)
  to   space 10240K, 0% used [0x0000000771000000,0x0000000771000000,0x0000000771a00000)
 ParOldGen       total 171008K, used 88K [0x00000006c7200000, 0x00000006d1900000, 0x000000076d100000)
  object space 171008K, 0% used [0x00000006c7200000,0x00000006c7216010,0x00000006d1900000)
 Metaspace       used 20422K, capacity 21124K, committed 21248K, reserved 1067008K
  class space    used 2521K, capacity 2730K, committed 2816K, reserved 1048576K
}
Event: 9,319 GC heap before
{Heap before GC invocations=3 (full 1):
 PSYoungGen      total 74752K, used 8590K [0x000000076d100000, 0x0000000772400000, 0x00000007c0000000)
  eden space 64512K, 0% used [0x000000076d100000,0x000000076d100000,0x0000000771000000)
  from space 10240K, 83% used [0x0000000771a00000,0x0000000772263970,0x0000000772400000)
  to   space 10240K, 0% used [0x0000000771000000,0x0000000771000000,0x0000000771a00000)
 ParOldGen       total 171008K, used 88K [0x00000006c7200000, 0x00000006d1900000, 0x000000076d100000)
  object space 171008K, 0% used [0x00000006c7200000,0x00000006c7216010,0x00000006d1900000)
 Metaspace       used 20422K, capacity 21124K, committed 21248K, reserved 1067008K
  class space    used 2521K, capacity 2730K, committed 2816K, reserved 1048576K
Event: 9,360 GC heap after
Heap after GC invocations=3 (full 1):
 PSYoungGen      total 74752K, used 0K [0x000000076d100000, 0x0000000772400000, 0x00000007c0000000)
  eden space 64512K, 0% used [0x000000076d100000,0x000000076d100000,0x0000000771000000)
  from space 10240K, 0% used [0x0000000771a00000,0x0000000771a00000,0x0000000772400000)
  to   space 10240K, 0% used [0x0000000771000000,0x0000000771000000,0x0000000771a00000)
 ParOldGen       total 73216K, used 8476K [0x00000006c7200000, 0x00000006cb980000, 0x000000076d100000)
  object space 73216K, 11% used [0x00000006c7200000,0x00000006c7a470a0,0x00000006cb980000)
 Metaspace       used 20421K, capacity 21122K, committed 21248K, reserved 1067008K
  class space    used 2521K, capacity 2729K, committed 2816K, reserved 1048576K
}

