# JRE version: Java(TM) SE Runtime Environment (8.0_171-b11) (build 1.8.0_171-b11)
# Java VM: Java HotSpot(TM) 64-Bit Server VM (25.171-b11 mixed mode linux-amd64 compressed oops)
Heap:
 PSYoungGen      total 73216K, used 25599K [0x000000076d100000, 0x0000000776180000, 0x00000007c0000000)
  eden space 64512K, 39% used [0x000000076d100000,0x000000076e9fff78,0x0000000771000000)
  from space 8704K, 0% used [0x0000000775900000,0x0000000775900000,0x0000000776180000)
  to   space 10240K, 0% used [0x0000000774d80000,0x0000000774d80000,0x0000000775780000)
 ParOldGen       total 100864K, used 8490K [0x00000006c7200000, 0x00000006cd480000, 0x000000076d100000)
  object space 100864K, 8% used [0x00000006c7200000,0x00000006c7a4a878,0x00000006cd480000)
 Metaspace       used 22891K, capacity 23640K, committed 23808K, reserved 1071104K
  class space    used 2856K, capacity 3060K, committed 3072K, reserved 1048576K
GC Heap History (6 events):
Event: 2,982 GC heap before
{Heap before GC invocations=1 (full 0):
 PSYoungGen      total 74752K, used 64512K [0x000000076d100000, 0x0000000772400000, 0x00000007c0000000)
  eden space 64512K, 100% used [0x000000076d100000,0x0000000771000000,0x0000000771000000)
  from space 10240K, 0% used [0x0000000771a00000,0x0000000771a00000,0x0000000772400000)
  to   space 10240K, 0% used [0x0000000771000000,0x0000000771000000,0x0000000771a00000)
 ParOldGen       total 171008K, used 0K [0x00000006c7200000, 0x00000006d1900000, 0x000000076d100000)
  object space 171008K, 0% used [0x00000006c7200000,0x00000006c7200000,0x00000006d1900000)
 Metaspace       used 16989K, capacity 17696K, committed 17920K, reserved 1064960K
  class space    used 2086K, capacity 2268K, committed 2304K, reserved 1048576K
Event: 3,018 GC heap after
Heap after GC invocations=1 (full 0):
 PSYoungGen      total 74752K, used 9997K [0x000000076d100000, 0x0000000776300000, 0x00000007c0000000)
  eden space 64512K, 0% used [0x000000076d100000,0x000000076d100000,0x0000000771000000)
  from space 10240K, 97% used [0x0000000771000000,0x00000007719c3450,0x0000000771a00000)
  to   space 10240K, 0% used [0x0000000775900000,0x0000000775900000,0x0000000776300000)
 ParOldGen       total 171008K, used 80K [0x00000006c7200000, 0x00000006d1900000, 0x000000076d100000)
  object space 171008K, 0% used [0x00000006c7200000,0x00000006c7214010,0x00000006d1900000)
 Metaspace       used 16989K, capacity 17696K, committed 17920K, reserved 1064960K
  class space    used 2086K, capacity 2268K, committed 2304K, reserved 1048576K
}
Event: 6,742 GC heap before
{Heap before GC invocations=2 (full 0):
 PSYoungGen      total 74752K, used 33824K [0x000000076d100000, 0x0000000776300000, 0x00000007c0000000)
  eden space 64512K, 36% used [0x000000076d100000,0x000000076e844c30,0x0000000771000000)
  from space 10240K, 97% used [0x0000000771000000,0x00000007719c3450,0x0000000771a00000)
  to   space 10240K, 0% used [0x0000000775900000,0x0000000775900000,0x0000000776300000)
 ParOldGen       total 171008K, used 80K [0x00000006c7200000, 0x00000006d1900000, 0x000000076d100000)
  object space 171008K, 0% used [0x00000006c7200000,0x00000006c7214010,0x00000006d1900000)
 Metaspace       used 20413K, capacity 21122K, committed 21248K, reserved 1067008K
  class space    used 2520K, capacity 2729K, committed 2816K, reserved 1048576K
Event: 6,749 GC heap after
Heap after GC invocations=2 (full 0):
 PSYoungGen      total 73216K, used 8696K [0x000000076d100000, 0x0000000776180000, 0x00000007c0000000)
  eden space 64512K, 0% used [0x000000076d100000,0x000000076d100000,0x0000000771000000)
  from space 8704K, 99% used [0x0000000775900000,0x000000077617e078,0x0000000776180000)
  to   space 10240K, 0% used [0x0000000774d80000,0x0000000774d80000,0x0000000775780000)
 ParOldGen       total 171008K, used 88K [0x00000006c7200000, 0x00000006d1900000, 0x000000076d100000)
  object space 171008K, 0% used [0x00000006c7200000,0x00000006c7216010,0x00000006d1900000)
 Metaspace       used 20413K, capacity 21122K, committed 21248K, reserved 1067008K
  class space    used 2520K, capacity 2729K, committed 2816K, reserved 1048576K
}
Event: 6,749 GC heap before
{Heap before GC invocations=3 (full 1):
 PSYoungGen      total 73216K, used 8696K [0x000000076d100000, 0x0000000776180000, 0x00000007c0000000)
  eden space 64512K, 0% used [0x000000076d100000,0x000000076d100000,0x0000000771000000)
  from space 8704K, 99% used [0x0000000775900000,0x000000077617e078,0x0000000776180000)
  to   space 10240K, 0% used [0x0000000774d80000,0x0000000774d80000,0x0000000775780000)
 ParOldGen       total 171008K, used 88K [0x00000006c7200000, 0x00000006d1900000, 0x000000076d100000)
  object space 171008K, 0% used [0x00000006c7200000,0x00000006c7216010,0x00000006d1900000)
 Metaspace       used 20413K, capacity 21122K, committed 21248K, reserved 1067008K
  class space    used 2520K, capacity 2729K, committed 2816K, reserved 1048576K
Event: 6,783 GC heap after
Heap after GC invocations=3 (full 1):
 PSYoungGen      total 73216K, used 0K [0x000000076d100000, 0x0000000776180000, 0x00000007c0000000)
  eden space 64512K, 0% used [0x000000076d100000,0x000000076d100000,0x0000000771000000)
  from space 8704K, 0% used [0x0000000775900000,0x0000000775900000,0x0000000776180000)
  to   space 10240K, 0% used [0x0000000774d80000,0x0000000774d80000,0x0000000775780000)
 ParOldGen       total 100864K, used 8490K [0x00000006c7200000, 0x00000006cd480000, 0x000000076d100000)
  object space 100864K, 8% used [0x00000006c7200000,0x00000006c7a4a878,0x00000006cd480000)
 Metaspace       used 20413K, capacity 21122K, committed 21248K, reserved 1067008K
  class space    used 2520K, capacity 2729K, committed 2816K, reserved 1048576K
}

