<?xml version="1.0" encoding="UTF-8"?>
<testng-results skipped="0" failed="0" total="2" passed="2">
  <reporter-output>
  </reporter-output>
  <suite name="Suite" duration-ms="18334" started-at="2018-07-27T15:51:32Z" finished-at="2018-07-27T15:51:50Z">
    <groups>
    </groups>
    <test name="Test" duration-ms="18334" started-at="2018-07-27T15:51:32Z" finished-at="2018-07-27T15:51:50Z">
      <class name="azioni.Login">
        <test-method status="PASS" signature="login()[pri:0, instance:azioni.Login@64bfbc86]" name="login" duration-ms="10156" started-at="2018-07-27T17:51:32Z" finished-at="2018-07-27T17:51:42Z">
          <reporter-output>
          </reporter-output>
        </test-method> <!-- login -->
      </class> <!-- azioni.Login -->
      <class name="azioni.Cerca">
        <test-method status="PASS" signature="cercaCaso()[pri:0, instance:azioni.Cerca@148080bb]" name="cercaCaso" duration-ms="8164" started-at="2018-07-27T17:51:42Z" finished-at="2018-07-27T17:51:50Z">
          <reporter-output>
          </reporter-output>
        </test-method> <!-- cercaCaso -->
      </class> <!-- azioni.Cerca -->
    </test> <!-- Test -->
  </suite> <!-- Suite -->
</testng-results>
